0 info it worked if it ends with ok
1 verbose cli [ 'D:\\CyberBionic Systematics\\Programs for IT\\Node JS\\node.exe',
1 verbose cli   'D:\\CyberBionic Systematics\\Programs for IT\\Node JS\\node_modules\\npm\\bin\\npm-cli.js',
1 verbose cli   'start' ]
2 info using npm@3.10.10
3 info using node@v6.11.4
4 verbose run-script [ 'prestart', 'start', 'poststart' ]
5 info lifecycle angular-seed@0.0.0~prestart: angular-seed@0.0.0
6 verbose lifecycle angular-seed@0.0.0~prestart: unsafe-perm in lifecycle true
7 verbose lifecycle angular-seed@0.0.0~prestart: PATH: D:\CyberBionic Systematics\Programs for IT\Node JS\node_modules\npm\bin\node-gyp-bin;D:\CyberBionic Systematics\practice\myFirstSPA\new\node_modules\.bin;D:\CyberBionic Systematics\Programs for IT\Ruby\Ruby24-x64\bin;C:\Program Files (x86)\PC Connectivity Solution\;C:\Program Files\Common Files\Microsoft Shared\Windows Live;C:\Program Files (x86)\Common Files\Microsoft Shared\Windows Live;C:\Program Files (x86)\AMD APP\bin\x86_64;C:\Program Files (x86)\AMD APP\bin\x86_64;C:\windows\system32;C:\windows;C:\windows\System32\Wbem;C:\windows\System32\WindowsPowerShell\v1.0\;C:\Program Files (x86)\Windows Live\Shared;C:\Program Files (x86)\Skype\Phone\;D:\CyberBionic Systematics\Programs for IT\Node JS\;D:\Viktor\Programs\Git\Git\cmd;;D:\Viktor\Programs\Visual Studio Code\Microsoft VS Code\bin;C:\Users\Витя\AppData\Roaming\npm;D:\CyberBionic Systematics\Programs for IT\Ruby
8 verbose lifecycle angular-seed@0.0.0~prestart: CWD: D:\CyberBionic Systematics\practice\myFirstSPA\new
9 silly lifecycle angular-seed@0.0.0~prestart: Args: [ '/d /s /c', 'npm install' ]
10 silly lifecycle angular-seed@0.0.0~prestart: Returned: code: 0  signal: null
11 info lifecycle angular-seed@0.0.0~start: angular-seed@0.0.0
12 verbose lifecycle angular-seed@0.0.0~start: unsafe-perm in lifecycle true
13 verbose lifecycle angular-seed@0.0.0~start: PATH: D:\CyberBionic Systematics\Programs for IT\Node JS\node_modules\npm\bin\node-gyp-bin;D:\CyberBionic Systematics\practice\myFirstSPA\new\node_modules\.bin;D:\CyberBionic Systematics\Programs for IT\Ruby\Ruby24-x64\bin;C:\Program Files (x86)\PC Connectivity Solution\;C:\Program Files\Common Files\Microsoft Shared\Windows Live;C:\Program Files (x86)\Common Files\Microsoft Shared\Windows Live;C:\Program Files (x86)\AMD APP\bin\x86_64;C:\Program Files (x86)\AMD APP\bin\x86_64;C:\windows\system32;C:\windows;C:\windows\System32\Wbem;C:\windows\System32\WindowsPowerShell\v1.0\;C:\Program Files (x86)\Windows Live\Shared;C:\Program Files (x86)\Skype\Phone\;D:\CyberBionic Systematics\Programs for IT\Node JS\;D:\Viktor\Programs\Git\Git\cmd;;D:\Viktor\Programs\Visual Studio Code\Microsoft VS Code\bin;C:\Users\Витя\AppData\Roaming\npm;D:\CyberBionic Systematics\Programs for IT\Ruby
14 verbose lifecycle angular-seed@0.0.0~start: CWD: D:\CyberBionic Systematics\practice\myFirstSPA\new
15 silly lifecycle angular-seed@0.0.0~start: Args: [ '/d /s /c', 'http-server -a localhost -p 8000 -c-1 ./app' ]
16 verbose stack Error: kill ENOSYS
16 verbose stack     at Object.exports._errnoException (util.js:1020:11)
16 verbose stack     at process.kill (internal/process.js:191:18)
16 verbose stack     at process.listener (D:\CyberBionic Systematics\Programs for IT\Node JS\node_modules\npm\node_modules\npmlog\node_modules\gauge\node_modules\signal-exit\index.js:86:15)
16 verbose stack     at emitNone (events.js:91:20)
16 verbose stack     at process.emit (events.js:185:7)
16 verbose stack     at processEmit (D:\CyberBionic Systematics\Programs for IT\Node JS\node_modules\npm\node_modules\npmlog\node_modules\gauge\node_modules\signal-exit\index.js:146:32)
16 verbose stack     at processEmit (D:\CyberBionic Systematics\Programs for IT\Node JS\node_modules\npm\node_modules\npm-registry-client\node_modules\npmlog\node_modules\gauge\node_modules\signal-exit\index.js:146:32)
16 verbose stack     at Signal.wrap.onsignal (internal/process.js:217:44)
17 verbose cwd D:\CyberBionic Systematics\practice\myFirstSPA\new
18 error Windows_NT 6.1.7601
19 error argv "D:\\CyberBionic Systematics\\Programs for IT\\Node JS\\node.exe" "D:\\CyberBionic Systematics\\Programs for IT\\Node JS\\node_modules\\npm\\bin\\npm-cli.js" "start"
20 error node v6.11.4
21 error npm  v3.10.10
22 error code ENOSYS
23 error errno ENOSYS
24 error syscall kill
25 error kill ENOSYS
26 error If you need help, you may report this error at:
26 error     <https://github.com/npm/npm/issues>
27 verbose exit [ 1, true ]
